# JRE version: Java(TM) SE Runtime Environment (9.0+11) (build 9.0.4+11)
# Java VM: Java HotSpot(TM) 64-Bit Server VM (9.0.4+11, mixed mode, tiered, compressed oops, g1 gc, windows-amd64)
Heap:
 garbage-first heap   total 131072K, used 16584K [0x0000000080800000, 0x0000000080900400, 0x0000000100000000)
  region size 1024K, 10 young (10240K), 6 survivors (6144K)
 Metaspace       used 25273K, capacity 26856K, committed 27008K, reserved 1085440K
  class space    used 3133K, capacity 3443K, committed 3456K, reserved 1048576K
GC Heap History (6 events):
Event: 0.636 GC heap before
{Heap before GC invocations=0 (full 0):
 garbage-first heap   total 131072K, used 22528K [0x0000000080800000, 0x0000000080900400, 0x0000000100000000)
  region size 1024K, 22 young (22528K), 0 survivors (0K)
 Metaspace       used 6182K, capacity 6358K, committed 6656K, reserved 1056768K
  class space    used 599K, capacity 651K, committed 768K, reserved 1048576K
}
Event: 0.642 GC heap after
{Heap after GC invocations=1 (full 0):
 garbage-first heap   total 131072K, used 1848K [0x0000000080800000, 0x0000000080900400, 0x0000000100000000)
  region size 1024K, 2 young (2048K), 2 survivors (2048K)
 Metaspace       used 6182K, capacity 6358K, committed 6656K, reserved 1056768K
  class space    used 599K, capacity 651K, committed 768K, reserved 1048576K
}
Event: 2.115 GC heap before
{Heap before GC invocations=1 (full 0):
 garbage-first heap   total 131072K, used 66360K [0x0000000080800000, 0x0000000080900400, 0x0000000100000000)
  region size 1024K, 66 young (67584K), 2 survivors (2048K)
 Metaspace       used 19891K, capacity 21122K, committed 21248K, reserved 1067008K
  class space    used 2461K, capacity 2707K, committed 2816K, reserved 1048576K
}
Event: 2.139 GC heap after
{Heap after GC invocations=2 (full 0):
 garbage-first heap   total 131072K, used 12184K [0x0000000080800000, 0x0000000080900400, 0x0000000100000000)
  region size 1024K, 10 young (10240K), 10 survivors (10240K)
 Metaspace       used 19891K, capacity 21122K, committed 21248K, reserved 1067008K
  class space    used 2461K, capacity 2707K, committed 2816K, reserved 1048576K
}
Event: 2.483 GC heap before
{Heap before GC invocations=3 (full 0):
 garbage-first heap   total 131072K, used 39832K [0x0000000080800000, 0x0000000080900400, 0x0000000100000000)
  region size 1024K, 38 young (38912K), 10 survivors (10240K)
 Metaspace       used 24969K, capacity 26458K, committed 26496K, reserved 1085440K
  class space    used 3093K, capacity 3430K, committed 3456K, reserved 1048576K
}
Event: 2.506 GC heap after
{Heap after GC invocations=4 (full 0):
 garbage-first heap   total 131072K, used 14536K [0x0000000080800000, 0x0000000080900400, 0x0000000100000000)
  region size 1024K, 6 young (6144K), 6 survivors (6144K)
 Metaspace       used 24969K, capacity 26458K, committed 26496K, reserved 1085440K
  class space    used 3093K, capacity 3430K, committed 3456K, reserved 1048576K
}

